<?xml version="1.0" encoding="UTF-8"?>
<!-- Generated by org.testng.reporters.JUnitReportReporter -->
<testsuite hostname="ATMECSINDT-050" name="com.atmecs.falcone.duels.StartDuelOnFriendsProfile" tests="1" failures="0" timestamp="21 Jan 2017 11:24:55 GMT" time="48.992" errors="0">
  <testcase name="sendDuelsFromFriendsProfile" time="48.992" classname="com.atmecs.falcone.duels.StartDuelOnFriendsProfile"/>
</testsuite> <!-- com.atmecs.falcone.duels.StartDuelOnFriendsProfile -->
